<?xml version="1.0" encoding="UTF-8"?>
<coverage generated="1710037227592" clover="3.2.0">
  <project timestamp="1710037227592" name="All files">
    <metrics statements="8" coveredstatements="2" conditionals="2" coveredconditionals="0" methods="6" coveredmethods="1" elements="16" coveredelements="3" complexity="0" loc="8" ncloc="8" packages="1" files="1" classes="1"/>
    <file name="Stack.js" path="/home/johnlambert/Desktop/data-structures-and-algorithms/src/data-structures/stacks/Stack.js">
      <metrics statements="8" coveredstatements="2" conditionals="2" coveredconditionals="0" methods="6" coveredmethods="1"/>
      <line num="4" count="1" type="stmt"/>
      <line num="8" count="0" type="stmt"/>
      <line num="12" count="0" type="stmt"/>
      <line num="16" count="0" type="cond" truecount="0" falsecount="2"/>
      <line num="17" count="0" type="stmt"/>
      <line num="21" count="0" type="stmt"/>
      <line num="25" count="0" type="stmt"/>
      <line num="29" count="1" type="stmt"/>
    </file>
  </project>
</coverage>
